<?xml version="1.0" encoding="UTF-8"?>
<!-- Generated by org.testng.reporters.JUnitXMLReporter -->
<testsuite hostname="PC316048" ignored="2" name="Test" tests="2" failures="0" timestamp="07 Jan 2019 11:12:40 GMT" time="23.884" errors="0">
  <testcase name="alphonsoLogin" time="12.133" classname="com.alphonso.tests.AlphonsoLogin"/>
  <testcase name="alphonsoSearch" time="11.72" classname="com.alphonso.tests.AlphonsoSearchAsset"/>
  <testcase name="@AfterSuite postcondition" time="0.0" classname="com.alphonso.generic.BaseTest">
    <ignored/>
  </testcase> <!-- @AfterSuite postcondition -->
  <testcase name="@BeforeSuite precondition" time="0.0" classname="com.alphonso.generic.BaseTest">
    <ignored/>
  </testcase> <!-- @BeforeSuite precondition -->
</testsuite> <!-- Test -->
